# JRE version: OpenJDK Runtime Environment (11.0.12+7) (build 11.0.12+7-b1504.28-7817840)
# Java VM: OpenJDK 64-Bit Server VM (11.0.12+7-b1504.28-7817840, mixed mode, tiered, compressed oops, g1 gc, windows-amd64)
Heap:
 garbage-first heap   total 236544K, used 115200K [0x0000000741600000, 0x0000000800000000)
  region size 1024K, 65 young (66560K), 12 survivors (12288K)
 Metaspace       used 76964K, capacity 77852K, committed 78076K, reserved 1118208K
  class space    used 8559K, capacity 8891K, committed 8956K, reserved 1048576K
GC Heap History (14 events):
Event: 0.557 GC heap before
{Heap before GC invocations=0 (full 0):
 garbage-first heap   total 196608K, used 17408K [0x0000000741600000, 0x0000000800000000)
  region size 1024K, 14 young (14336K), 0 survivors (0K)
 Metaspace       used 9779K, capacity 9871K, committed 10112K, reserved 1058816K
  class space    used 827K, capacity 884K, committed 896K, reserved 1048576K
}
Event: 0.561 GC heap after
{Heap after GC invocations=1 (full 0):
 garbage-first heap   total 196608K, used 5201K [0x0000000741600000, 0x0000000800000000)
  region size 1024K, 2 young (2048K), 2 survivors (2048K)
 Metaspace       used 9779K, capacity 9871K, committed 10112K, reserved 1058816K
  class space    used 827K, capacity 884K, committed 896K, reserved 1048576K
}
Event: 1.720 GC heap before
{Heap before GC invocations=1 (full 0):
 garbage-first heap   total 196608K, used 52305K [0x0000000741600000, 0x0000000800000000)
  region size 1024K, 49 young (50176K), 2 survivors (2048K)
 Metaspace       used 21001K, capacity 21182K, committed 21248K, reserved 1069056K
  class space    used 2222K, capacity 2291K, committed 2304K, reserved 1048576K
}
Event: 1.739 GC heap after
{Heap after GC invocations=2 (full 0):
 garbage-first heap   total 196608K, used 9458K [0x0000000741600000, 0x0000000800000000)
  region size 1024K, 7 young (7168K), 7 survivors (7168K)
 Metaspace       used 21001K, capacity 21182K, committed 21248K, reserved 1069056K
  class space    used 2222K, capacity 2291K, committed 2304K, reserved 1048576K
}
Event: 3.052 GC heap before
{Heap before GC invocations=3 (full 0):
 garbage-first heap   total 196608K, used 71922K [0x0000000741600000, 0x0000000800000000)
  region size 1024K, 56 young (57344K), 7 survivors (7168K)
 Metaspace       used 30746K, capacity 31231K, committed 31484K, reserved 1077248K
  class space    used 3620K, capacity 3799K, committed 3836K, reserved 1048576K
}
Event: 3.073 GC heap after
{Heap after GC invocations=4 (full 0):
 garbage-first heap   total 196608K, used 24072K [0x0000000741600000, 0x0000000800000000)
  region size 1024K, 7 young (7168K), 7 survivors (7168K)
 Metaspace       used 30746K, capacity 31231K, committed 31484K, reserved 1077248K
  class space    used 3620K, capacity 3799K, committed 3836K, reserved 1048576K
}
Event: 3.630 GC heap before
{Heap before GC invocations=4 (full 0):
 garbage-first heap   total 196608K, used 46600K [0x0000000741600000, 0x0000000800000000)
  region size 1024K, 30 young (30720K), 7 survivors (7168K)
 Metaspace       used 35273K, capacity 35747K, committed 35964K, reserved 1081344K
  class space    used 4118K, capacity 4323K, committed 4476K, reserved 1048576K
}
Event: 3.642 GC heap after
{Heap after GC invocations=5 (full 0):
 garbage-first heap   total 196608K, used 24204K [0x0000000741600000, 0x0000000800000000)
  region size 1024K, 9 young (9216K), 9 survivors (9216K)
 Metaspace       used 35273K, capacity 35747K, committed 35964K, reserved 1081344K
  class space    used 4118K, capacity 4323K, committed 4476K, reserved 1048576K
}
Event: 6.358 GC heap before
{Heap before GC invocations=6 (full 0):
 garbage-first heap   total 196608K, used 135820K [0x0000000741600000, 0x0000000800000000)
  region size 1024K, 115 young (117760K), 9 survivors (9216K)
 Metaspace       used 52232K, capacity 52937K, committed 53244K, reserved 1095680K
  class space    used 6040K, capacity 6326K, committed 6396K, reserved 1048576K
}
Event: 6.390 GC heap after
{Heap after GC invocations=7 (full 0):
 garbage-first heap   total 236544K, used 37456K [0x0000000741600000, 0x0000000800000000)
  region size 1024K, 14 young (14336K), 14 survivors (14336K)
 Metaspace       used 52232K, capacity 52937K, committed 53244K, reserved 1095680K
  class space    used 6040K, capacity 6326K, committed 6396K, reserved 1048576K
}
Event: 9.093 GC heap before
{Heap before GC invocations=7 (full 0):
 garbage-first heap   total 236544K, used 119376K [0x0000000741600000, 0x0000000800000000)
  region size 1024K, 95 young (97280K), 14 survivors (14336K)
 Metaspace       used 59393K, capacity 60238K, committed 60368K, reserved 1101824K
  class space    used 6899K, capacity 7245K, committed 7292K, reserved 1048576K
}
Event: 9.213 GC heap after
{Heap after GC invocations=8 (full 0):
 garbage-first heap   total 236544K, used 49664K [0x0000000741600000, 0x0000000800000000)
  region size 1024K, 13 young (13312K), 13 survivors (13312K)
 Metaspace       used 59393K, capacity 60238K, committed 60368K, reserved 1101824K
  class space    used 6899K, capacity 7245K, committed 7292K, reserved 1048576K
}
Event: 13.080 GC heap before
{Heap before GC invocations=9 (full 0):
 garbage-first heap   total 236544K, used 158208K [0x0000000741600000, 0x0000000800000000)
  region size 1024K, 119 young (121856K), 13 survivors (13312K)
 Metaspace       used 70236K, capacity 71075K, committed 71292K, reserved 1112064K
  class space    used 7892K, capacity 8211K, committed 8316K, reserved 1048576K
}
Event: 13.125 GC heap after
{Heap after GC invocations=10 (full 0):
 garbage-first heap   total 236544K, used 61952K [0x0000000741600000, 0x0000000800000000)
  region size 1024K, 12 young (12288K), 12 survivors (12288K)
 Metaspace       used 70236K, capacity 71075K, committed 71292K, reserved 1112064K
  class space    used 7892K, capacity 8211K, committed 8316K, reserved 1048576K
}

