# JRE version: OpenJDK Runtime Environment (11.0.12+7) (build 11.0.12+7-b1504.28-7817840)
# Java VM: OpenJDK 64-Bit Server VM (11.0.12+7-b1504.28-7817840, mixed mode, tiered, compressed oops, g1 gc, windows-amd64)
Heap:
 garbage-first heap   total 236544K, used 105293K [0x0000000741600000, 0x0000000800000000)
  region size 1024K, 81 young (82944K), 14 survivors (14336K)
 Metaspace       used 57381K, capacity 58159K, committed 58396K, reserved 1101824K
  class space    used 6655K, capacity 6982K, committed 7036K, reserved 1048576K
GC Heap History (10 events):
Event: 0.563 GC heap before
{Heap before GC invocations=0 (full 0):
 garbage-first heap   total 196608K, used 17408K [0x0000000741600000, 0x0000000800000000)
  region size 1024K, 14 young (14336K), 0 survivors (0K)
 Metaspace       used 9755K, capacity 9871K, committed 10112K, reserved 1058816K
  class space    used 827K, capacity 884K, committed 896K, reserved 1048576K
}
Event: 0.567 GC heap after
{Heap after GC invocations=1 (full 0):
 garbage-first heap   total 196608K, used 5198K [0x0000000741600000, 0x0000000800000000)
  region size 1024K, 2 young (2048K), 2 survivors (2048K)
 Metaspace       used 9755K, capacity 9871K, committed 10112K, reserved 1058816K
  class space    used 827K, capacity 884K, committed 896K, reserved 1048576K
}
Event: 1.744 GC heap before
{Heap before GC invocations=1 (full 0):
 garbage-first heap   total 196608K, used 52302K [0x0000000741600000, 0x0000000800000000)
  region size 1024K, 49 young (50176K), 2 survivors (2048K)
 Metaspace       used 20986K, capacity 21182K, committed 21248K, reserved 1069056K
  class space    used 2226K, capacity 2291K, committed 2304K, reserved 1048576K
}
Event: 1.761 GC heap after
{Heap after GC invocations=2 (full 0):
 garbage-first heap   total 196608K, used 9510K [0x0000000741600000, 0x0000000800000000)
  region size 1024K, 7 young (7168K), 7 survivors (7168K)
 Metaspace       used 20986K, capacity 21182K, committed 21248K, reserved 1069056K
  class space    used 2226K, capacity 2291K, committed 2304K, reserved 1048576K
}
Event: 3.116 GC heap before
{Heap before GC invocations=3 (full 0):
 garbage-first heap   total 196608K, used 71974K [0x0000000741600000, 0x0000000800000000)
  region size 1024K, 56 young (57344K), 7 survivors (7168K)
 Metaspace       used 30754K, capacity 31266K, committed 31612K, reserved 1077248K
  class space    used 3624K, capacity 3832K, committed 3964K, reserved 1048576K
}
Event: 3.136 GC heap after
{Heap after GC invocations=4 (full 0):
 garbage-first heap   total 196608K, used 24472K [0x0000000741600000, 0x0000000800000000)
  region size 1024K, 7 young (7168K), 7 survivors (7168K)
 Metaspace       used 30754K, capacity 31266K, committed 31612K, reserved 1077248K
  class space    used 3624K, capacity 3832K, committed 3964K, reserved 1048576K
}
Event: 3.691 GC heap before
{Heap before GC invocations=4 (full 0):
 garbage-first heap   total 196608K, used 47000K [0x0000000741600000, 0x0000000800000000)
  region size 1024K, 30 young (30720K), 7 survivors (7168K)
 Metaspace       used 35207K, capacity 35747K, committed 35964K, reserved 1081344K
  class space    used 4112K, capacity 4323K, committed 4476K, reserved 1048576K
}
Event: 3.704 GC heap after
{Heap after GC invocations=5 (full 0):
 garbage-first heap   total 196608K, used 24942K [0x0000000741600000, 0x0000000800000000)
  region size 1024K, 3 young (3072K), 3 survivors (3072K)
 Metaspace       used 35207K, capacity 35747K, committed 35964K, reserved 1081344K
  class space    used 4112K, capacity 4323K, committed 4476K, reserved 1048576K
}
Event: 6.573 GC heap before
{Heap before GC invocations=6 (full 0):
 garbage-first heap   total 196608K, used 137582K [0x0000000741600000, 0x0000000800000000)
  region size 1024K, 110 young (112640K), 3 survivors (3072K)
 Metaspace       used 52279K, capacity 53001K, committed 53148K, reserved 1095680K
  class space    used 6045K, capacity 6326K, committed 6396K, reserved 1048576K
}
Event: 6.598 GC heap after
{Heap after GC invocations=7 (full 0):
 garbage-first heap   total 236544K, used 37709K [0x0000000741600000, 0x0000000800000000)
  region size 1024K, 14 young (14336K), 14 survivors (14336K)
 Metaspace       used 52279K, capacity 53001K, committed 53148K, reserved 1095680K
  class space    used 6045K, capacity 6326K, committed 6396K, reserved 1048576K
}

